[2025-10-19 14:02:47] start rotation
→ Rotating 2 file(s) → /Users/brockmerkwan/Projects/devnotes/backups/devnotes_20251019_140247.tar.gz
→ Retention: keep last 7 archive(s)
→ Done.
→ Rotating 3 file(s) → /Users/brockmerkwan/Projects/devnotes/backups/daily_20251019_140247.tar.gz
→ Retention: keep last 7 archive(s)
→ Done.
[2025-10-19 14:02:47] done
[2025-10-19 14:07:38] start rotation
→ Rotating 2 file(s) → /Users/brockmerkwan/Projects/devnotes/backups/devnotes_20251019_140738.tar.gz
→ Retention: keep last 7 archive(s)
→ Done.
→ Rotating 3 file(s) → /Users/brockmerkwan/Projects/devnotes/backups/daily_20251019_140738.tar.gz
→ Retention: keep last 7 archive(s)
→ Done.
[2025-10-19 14:07:38] done
[2025-10-19 15:31:21] start rotation
[2025-10-19 15:31:21] ERROR: /Users/brockmerkwan/Downloads/log_sentinel.sh not found or not executable
[2025-10-19 15:34:36] start rotation
[2025-10-19 15:34:36] ERROR: /Users/brockmerkwan/Downloads/log_sentinel.sh not found or not executable
[2025-10-19 15:35:42] start rotation
[2025-10-19 15:35:42] ERROR: /Users/brockmerkwan/Downloads/log_sentinel.sh not found or not executable
[2025-10-19 15:46:54] start rotation
/usr/local/bin/log_sentinel:6: no matches found: daily_*
/usr/local/bin/log_sentinel:7: no matches found: notes_*
[2025-10-19 15:46:55] done
[2025-10-19 15:47:14] start rotation
/usr/local/bin/log_sentinel:7: no matches found: notes_*
[2025-10-19 15:47:14] done
[2025-10-19 15:56:23] start rotation
/usr/local/bin/log_sentinel:6: no matches found: daily_*
/usr/local/bin/log_sentinel:7: no matches found: notes_*
[2025-10-19 15:56:24] done
[2025-10-19 15:56:44] start rotation
/usr/local/bin/log_sentinel:7: no matches found: notes_*
[2025-10-19 15:56:44] done
[2025-10-19 15:59:45] start rotation
/usr/local/bin/log_sentinel:6: no matches found: daily_*
/usr/local/bin/log_sentinel:7: no matches found: notes_*
[2025-10-19 15:59:46] done
[2025-10-19 16:03:39] start rotation
[2025-10-19 16:03:40] done
[2025-10-19 16:06:07] start rotation
[2025-10-19 16:06:07] start rotation
[2025-10-19 16:06:07] done
[2025-10-19 16:06:07] done
[2025-10-19 16:08:03] start rotation
[2025-10-19 16:08:03] start rotation
[2025-10-19 16:08:03] done
[2025-10-19 16:08:03] done
[2025-10-19 17:45:19] start rotation
[2025-10-19 17:45:19] start rotation
[2025-10-19 17:45:19] done
[2025-10-19 17:45:19] done
[2025-10-19 17:45:25] start rotation
[2025-10-19 17:45:25] start rotation
[2025-10-19 17:45:25] done
[2025-10-19 17:45:25] done
[2025-10-19 17:59:40] start rotation
[2025-10-19 17:59:40] start rotation
[2025-10-19 17:59:40] done
[2025-10-19 17:59:40] done
[2025-10-19 18:00:00] start rotation
[2025-10-19 18:00:00] start rotation
[2025-10-19 18:00:00] done
[2025-10-19 18:00:00] done
[2025-10-19 18:05:16] start rotation
[2025-10-19 18:05:16] start rotation
[2025-10-19 18:05:16] done
[2025-10-19 18:05:16] done
[2025-10-19 19:44:26] start rotation
[2025-10-19 19:44:26] start rotation
[2025-10-19 19:44:26] done
[2025-10-19 19:44:26] done
[2025-10-20 12:48:56] start rotation
[2025-10-20 12:48:57] start rotation
[2025-10-20 12:48:59] done
[2025-10-20 12:48:59] done
[2025-10-20 18:00:00] start rotation
[2025-10-20 18:00:00] start rotation
[2025-10-20 18:00:00] done
[2025-10-20 18:00:00] done
