=== UPDATE RUN Sat Oct 18 17:17:00 CDT 2025 ===
Repo: /Users/brockmerkwan/Desktop/devnotes

→ git status (before)
## main...origin/main
?? README.txt
?? backup.sh
?? daily_logs/
?? update.sh

→ git pull
Already up to date.

→ staging changes
→ checking for diff
→ committing: auto: daily update 2025-10-18 17:17:01
[main 360252a] auto: daily update 2025-10-18 17:17:01
 4 files changed, 138 insertions(+)
 create mode 100644 README.txt
 create mode 100755 backup.sh
 create mode 100644 daily_logs/2025-10-18_update.log
 create mode 100755 update.sh
→ pushing

→ git status (after)
## main...origin/main
 M daily_logs/2025-10-18_update.log
=== DONE Sat Oct 18 17:17:02 CDT 2025 ===
=== UPDATE RUN Sat Oct 18 17:19:54 CDT 2025 ===
Repo: /Users/brockmerkwan/Desktop/devnotes/automation_suite/..

→ git status (before)
## main...origin/main
 M daily_logs/2025-10-18_update.log

→ git pull
Already up to date.

→ staging changes
