=== 🧩 Network Setup Start: Sun Oct 26 17:15:20 CDT 2025 ===
[*] Detecting network interfaces...
lo0:
gif0:
stf0:
anpi0:
anpi1:
anpi3:
en0:
en5:
en6:
en7:
en2:
en3:
en4:
bridge0:
ap1:
en1:
utun0:
awdl0:
llw0:
utun1:
utun2:
utun3:
utun5:
utun6:
vmenet0:
bridge100:
vmenet1:
bridge101:
[*] Active IP assignments:
LAN: 10.0.0.132
2nd NIC: 10.0.0.98
[*] Testing gateway + internet reachability...
PING 1.1.1.1 (1.1.1.1): 56 data bytes
64 bytes from 1.1.1.1: icmp_seq=0 ttl=56 time=12.384 ms
64 bytes from 1.1.1.1: icmp_seq=1 ttl=56 time=14.669 ms

--- 1.1.1.1 ping statistics ---
2 packets transmitted, 2 packets received, 0.0% packet loss
round-trip min/avg/max/stddev = 12.384/13.527/14.669/1.142 ms
[*] iperf3 not found — install with: brew install iperf3
[*] Committing network log to devnotes repo...
